  [1m[35m (17.8ms)[0m  [1m[35mCREATE TABLE "schema_migrations" ("version" character varying PRIMARY KEY)[0m
  [1m[35m (25.1ms)[0m  [1m[35mCREATE TABLE "ar_internal_metadata" ("key" character varying PRIMARY KEY, "value" character varying, "created_at" timestamp NOT NULL, "updated_at" timestamp NOT NULL)[0m
  [1m[35m (1.7ms)[0m  [1m[34mSELECT pg_try_advisory_lock(7160945162738689455);[0m
  [1m[36mActiveRecord::SchemaMigration Load (0.6ms)[0m  [1m[34mSELECT "schema_migrations".* FROM "schema_migrations"[0m
Migrating to CreateUsers (20160908101540)
  [1m[35m (0.2ms)[0m  [1m[35mBEGIN[0m
  [1m[35m (25.2ms)[0m  [1m[35mCREATE TABLE "users" ("id" serial primary key, "name" character varying, "email" character varying, "password" character varying, "created_at" timestamp NOT NULL, "updated_at" timestamp NOT NULL)[0m
  [1m[35mSQL (0.8ms)[0m  [1m[32mINSERT INTO "schema_migrations" ("version") VALUES ($1) RETURNING "version"[0m  [["version", "20160908101540"]]
  [1m[35m (13.3ms)[0m  [1m[35mCOMMIT[0m
Migrating to CreateComments (20160908101557)
  [1m[35m (6.1ms)[0m  [1m[35mBEGIN[0m
  [1m[35m (14.9ms)[0m  [1m[35mCREATE TABLE "comments" ("id" serial primary key, "message" character varying, "created_at" timestamp NOT NULL, "updated_at" timestamp NOT NULL)[0m
  [1m[35mSQL (0.3ms)[0m  [1m[32mINSERT INTO "schema_migrations" ("version") VALUES ($1) RETURNING "version"[0m  [["version", "20160908101557"]]
  [1m[35m (5.9ms)[0m  [1m[35mCOMMIT[0m
Migrating to CreateChallenges (20160908101636)
  [1m[35m (5.6ms)[0m  [1m[35mBEGIN[0m
  [1m[35m (19.2ms)[0m  [1m[35mCREATE TABLE "challenges" ("id" serial primary key, "title" character varying, "description" character varying, "challengers" character varying, "ante" character varying, "winner" character varying, "ante_settled" boolean, "created_at" timestamp NOT NULL, "updated_at" timestamp NOT NULL)[0m
  [1m[35mSQL (0.4ms)[0m  [1m[32mINSERT INTO "schema_migrations" ("version") VALUES ($1) RETURNING "version"[0m  [["version", "20160908101636"]]
  [1m[35m (0.9ms)[0m  [1m[35mCOMMIT[0m
Migrating to AddUserRefToComments (20160908101853)
  [1m[35m (6.5ms)[0m  [1m[35mBEGIN[0m
  [1m[35m (12.4ms)[0m  [1m[35mALTER TABLE "comments" ADD "user_id" integer[0m
  [1m[35m (1.7ms)[0m  [1m[35mCREATE  INDEX  "index_comments_on_user_id" ON "comments"  ("user_id")[0m
  [1m[35m (2.8ms)[0m  [1m[35mALTER TABLE "comments" ADD CONSTRAINT "fk_rails_03de2dc08c"
FOREIGN KEY ("user_id")
  REFERENCES "users" ("id")
[0m
  [1m[35mSQL (0.5ms)[0m  [1m[32mINSERT INTO "schema_migrations" ("version") VALUES ($1) RETURNING "version"[0m  [["version", "20160908101853"]]
  [1m[35m (0.5ms)[0m  [1m[35mCOMMIT[0m
Migrating to AddChallengeRefToComments (20160908101952)
  [1m[35m (0.2ms)[0m  [1m[35mBEGIN[0m
  [1m[35m (0.5ms)[0m  [1m[35mALTER TABLE "comments" ADD "challenge_id" integer[0m
  [1m[35m (7.1ms)[0m  [1m[35mCREATE  INDEX  "index_comments_on_challenge_id" ON "comments"  ("challenge_id")[0m
  [1m[35m (1.1ms)[0m  [1m[35mALTER TABLE "comments" ADD CONSTRAINT "fk_rails_41ed7d6d72"
FOREIGN KEY ("challenge_id")
  REFERENCES "challenges" ("id")
[0m
  [1m[35mSQL (0.3ms)[0m  [1m[32mINSERT INTO "schema_migrations" ("version") VALUES ($1) RETURNING "version"[0m  [["version", "20160908101952"]]
  [1m[35m (5.8ms)[0m  [1m[35mCOMMIT[0m
Migrating to AddUserRefToChallenges (20160908103128)
  [1m[35m (0.2ms)[0m  [1m[35mBEGIN[0m
  [1m[35m (0.6ms)[0m  [1m[35mALTER TABLE "challenges" ADD "user_id" integer[0m
  [1m[35m (7.0ms)[0m  [1m[35mCREATE  INDEX  "index_challenges_on_user_id" ON "challenges"  ("user_id")[0m
  [1m[35m (1.1ms)[0m  [1m[35mALTER TABLE "challenges" ADD CONSTRAINT "fk_rails_5ca53b9fd9"
FOREIGN KEY ("user_id")
  REFERENCES "users" ("id")
[0m
  [1m[35mSQL (0.3ms)[0m  [1m[32mINSERT INTO "schema_migrations" ("version") VALUES ($1) RETURNING "version"[0m  [["version", "20160908103128"]]
  [1m[35m (5.9ms)[0m  [1m[35mCOMMIT[0m
  [1m[36mActiveRecord::InternalMetadata Load (0.4ms)[0m  [1m[34mSELECT  "ar_internal_metadata".* FROM "ar_internal_metadata" WHERE "ar_internal_metadata"."key" = $1 LIMIT $2[0m  [["key", :environment], ["LIMIT", 1]]
  [1m[35m (0.2ms)[0m  [1m[35mBEGIN[0m
  [1m[35mSQL (5.6ms)[0m  [1m[32mINSERT INTO "ar_internal_metadata" ("key", "value", "created_at", "updated_at") VALUES ($1, $2, $3, $4) RETURNING "key"[0m  [["key", "environment"], ["value", "development"], ["created_at", 2016-09-08 14:45:33 UTC], ["updated_at", 2016-09-08 14:45:33 UTC]]
  [1m[35m (0.4ms)[0m  [1m[35mCOMMIT[0m
  [1m[35m (0.4ms)[0m  [1m[34mSELECT pg_advisory_unlock(7160945162738689455)[0m
  [1m[36mActiveRecord::SchemaMigration Load (0.4ms)[0m  [1m[34mSELECT "schema_migrations".* FROM "schema_migrations"[0m
  [1m[35m (2.5ms)[0m  [1m[34mSELECT t2.oid::regclass::text AS to_table, a1.attname AS column, a2.attname AS primary_key, c.conname AS name, c.confupdtype AS on_update, c.confdeltype AS on_delete
FROM pg_constraint c
JOIN pg_class t1 ON c.conrelid = t1.oid
JOIN pg_class t2 ON c.confrelid = t2.oid
JOIN pg_attribute a1 ON a1.attnum = c.conkey[1] AND a1.attrelid = t1.oid
JOIN pg_attribute a2 ON a2.attnum = c.confkey[1] AND a2.attrelid = t2.oid
JOIN pg_namespace t3 ON c.connamespace = t3.oid
WHERE c.contype = 'f'
  AND t1.relname = 'challenges'
  AND t3.nspname = ANY (current_schemas(false))
ORDER BY c.conname
[0m
  [1m[35m (2.1ms)[0m  [1m[34mSELECT t2.oid::regclass::text AS to_table, a1.attname AS column, a2.attname AS primary_key, c.conname AS name, c.confupdtype AS on_update, c.confdeltype AS on_delete
FROM pg_constraint c
JOIN pg_class t1 ON c.conrelid = t1.oid
JOIN pg_class t2 ON c.confrelid = t2.oid
JOIN pg_attribute a1 ON a1.attnum = c.conkey[1] AND a1.attrelid = t1.oid
JOIN pg_attribute a2 ON a2.attnum = c.confkey[1] AND a2.attrelid = t2.oid
JOIN pg_namespace t3 ON c.connamespace = t3.oid
WHERE c.contype = 'f'
  AND t1.relname = 'comments'
  AND t3.nspname = ANY (current_schemas(false))
ORDER BY c.conname
[0m
  [1m[35m (1.9ms)[0m  [1m[34mSELECT t2.oid::regclass::text AS to_table, a1.attname AS column, a2.attname AS primary_key, c.conname AS name, c.confupdtype AS on_update, c.confdeltype AS on_delete
FROM pg_constraint c
JOIN pg_class t1 ON c.conrelid = t1.oid
JOIN pg_class t2 ON c.confrelid = t2.oid
JOIN pg_attribute a1 ON a1.attnum = c.conkey[1] AND a1.attrelid = t1.oid
JOIN pg_attribute a2 ON a2.attnum = c.confkey[1] AND a2.attrelid = t2.oid
JOIN pg_namespace t3 ON c.connamespace = t3.oid
WHERE c.contype = 'f'
  AND t1.relname = 'users'
  AND t3.nspname = ANY (current_schemas(false))
ORDER BY c.conname
[0m
  [1m[36mActiveRecord::SchemaMigration Load (0.2ms)[0m  [1m[34mSELECT "schema_migrations".* FROM "schema_migrations"[0m
  [1m[35m (0.2ms)[0m  [1m[35mBEGIN[0m
  [1m[35mSQL (0.5ms)[0m  [1m[32mINSERT INTO "users" ("name", "email", "password", "created_at", "updated_at") VALUES ($1, $2, $3, $4, $5) RETURNING "id"[0m  [["name", "Bob Bobby"], ["email", "hello@hello.com"], ["password", "password123"], ["created_at", 2016-09-08 14:45:33 UTC], ["updated_at", 2016-09-08 14:45:33 UTC]]
  [1m[35m (5.6ms)[0m  [1m[35mCOMMIT[0m
  [1m[35m (0.1ms)[0m  [1m[35mBEGIN[0m
  [1m[35mSQL (0.4ms)[0m  [1m[32mINSERT INTO "users" ("name", "email", "password", "created_at", "updated_at") VALUES ($1, $2, $3, $4, $5) RETURNING "id"[0m  [["name", "Bab Babby"], ["email", "bye@bye.com"], ["password", "password321"], ["created_at", 2016-09-08 14:45:33 UTC], ["updated_at", 2016-09-08 14:45:33 UTC]]
  [1m[35m (5.1ms)[0m  [1m[35mCOMMIT[0m
  [1m[35m (0.2ms)[0m  [1m[35mBEGIN[0m
  [1m[35mSQL (0.8ms)[0m  [1m[32mINSERT INTO "challenges" ("title", "description", "challengers", "ante", "ante_settled", "created_at", "updated_at", "user_id") VALUES ($1, $2, $3, $4, $5, $6, $7, $8) RETURNING "id"[0m  [["title", "ping-pong masters"], ["description", "Who is the ping-pong master?"], ["challengers", "[\"Bob Bobby\", \"Bab Babby\"]"], ["ante", "A round of beers"], ["ante_settled", false], ["created_at", 2016-09-08 14:45:33 UTC], ["updated_at", 2016-09-08 14:45:33 UTC], ["user_id", 1]]
  [1m[35m (0.5ms)[0m  [1m[35mCOMMIT[0m
  [1m[35m (0.1ms)[0m  [1m[35mBEGIN[0m
  [1m[35mSQL (0.4ms)[0m  [1m[32mINSERT INTO "challenges" ("title", "description", "challengers", "ante", "winner", "ante_settled", "created_at", "updated_at", "user_id") VALUES ($1, $2, $3, $4, $5, $6, $7, $8, $9) RETURNING "id"[0m  [["title", "poker masters"], ["description", "Who is the poker master?"], ["challengers", "[\"Bob Bobby\", \"Bab Babby\"]"], ["ante", "A bag of peanuts"], ["winner", "Bob Bobby"], ["ante_settled", true], ["created_at", 2016-09-08 14:45:33 UTC], ["updated_at", 2016-09-08 14:45:33 UTC], ["user_id", 2]]
  [1m[35m (0.4ms)[0m  [1m[35mCOMMIT[0m
  [1m[35m (0.2ms)[0m  [1m[35mBEGIN[0m
  [1m[35mSQL (0.9ms)[0m  [1m[32mINSERT INTO "comments" ("message", "created_at", "updated_at", "user_id", "challenge_id") VALUES ($1, $2, $3, $4, $5) RETURNING "id"[0m  [["message", "WINNING!"], ["created_at", 2016-09-08 14:45:33 UTC], ["updated_at", 2016-09-08 14:45:33 UTC], ["user_id", 1], ["challenge_id", 1]]
  [1m[35m (0.4ms)[0m  [1m[35mCOMMIT[0m
  [1m[35m (0.1ms)[0m  [1m[35mBEGIN[0m
  [1m[35mSQL (2.3ms)[0m  [1m[32mINSERT INTO "comments" ("message", "created_at", "updated_at", "user_id", "challenge_id") VALUES ($1, $2, $3, $4, $5) RETURNING "id"[0m  [["message", "Peanuts <3!"], ["created_at", 2016-09-08 14:45:33 UTC], ["updated_at", 2016-09-08 14:45:33 UTC], ["user_id", 2], ["challenge_id", 2]]
  [1m[35m (0.4ms)[0m  [1m[35mCOMMIT[0m
Started GET "/" for ::1 at 2016-09-08 15:47:10 +0100
  [1m[36mActiveRecord::SchemaMigration Load (0.8ms)[0m  [1m[34mSELECT "schema_migrations".* FROM "schema_migrations"[0m
Processing by Rails::WelcomeController#index as */*
  Parameters: {"internal"=>true}
  Rendering /Users/rylangooch/.rvm/gems/ruby-2.2.3/gems/railties-5.0.0.1/lib/rails/templates/rails/welcome/index.html.erb
  Rendered /Users/rylangooch/.rvm/gems/ruby-2.2.3/gems/railties-5.0.0.1/lib/rails/templates/rails/welcome/index.html.erb (7.3ms)
Completed 200 OK in 54ms (Views: 33.4ms | ActiveRecord: 0.0ms)


Started GET "/users" for ::1 at 2016-09-08 15:47:20 +0100
Processing by UsersController#index as */*
  [1m[36mUser Load (6.8ms)[0m  [1m[34mSELECT "users".* FROM "users" ORDER BY "users"."id" ASC[0m
Completed 200 OK in 42ms (Views: 1.8ms | ActiveRecord: 13.7ms)


Started GET "/users" for ::1 at 2016-09-08 15:50:57 +0100
Processing by UsersController#index as */*
  [1m[36mUser Load (0.7ms)[0m  [1m[34mSELECT "users".* FROM "users" ORDER BY "users"."id" ASC[0m
Completed 200 OK in 10ms (Views: 1.2ms | ActiveRecord: 0.7ms)


Started POST "/users" for ::1 at 2016-09-08 15:53:04 +0100
Processing by UsersController#create as JSON
  Parameters: {"name"=>"Terry", "email"=>"Terry1", "user"=>{"name"=>"Terry", "email"=>"Terry1"}}
Filter chain halted as :ensure_correct_media_type rendered or redirected
Completed 415 Unsupported Media Type in 14ms (Views: 0.8ms | ActiveRecord: 0.0ms)


Started GET "/users" for ::1 at 2016-09-08 15:53:31 +0100
Processing by UsersController#index as */*
  [1m[36mUser Load (1.0ms)[0m  [1m[34mSELECT "users".* FROM "users" ORDER BY "users"."id" ASC[0m
Completed 200 OK in 10ms (Views: 1.4ms | ActiveRecord: 1.0ms)


Started POST "/users" for ::1 at 2016-09-08 15:54:24 +0100
Processing by UsersController#create as JSON
  Parameters: {"name"=>"Terry", "email"=>"Terry1", "user"=>{"name"=>"Terry", "email"=>"Terry1"}}
Filter chain halted as :ensure_correct_media_type rendered or redirected
Completed 415 Unsupported Media Type in 4ms (Views: 1.4ms | ActiveRecord: 0.0ms)


Started POST "/users" for ::1 at 2016-09-08 15:54:26 +0100
Processing by UsersController#create as JSON
  Parameters: {"name"=>"Terry", "email"=>"Terry1", "user"=>{"name"=>"Terry", "email"=>"Terry1"}}
Filter chain halted as :ensure_correct_media_type rendered or redirected
Completed 415 Unsupported Media Type in 2ms (Views: 0.5ms | ActiveRecord: 0.0ms)


Started GET "/users" for ::1 at 2016-09-08 15:54:35 +0100
Processing by UsersController#index as */*
  [1m[36mUser Load (0.6ms)[0m  [1m[34mSELECT "users".* FROM "users" ORDER BY "users"."id" ASC[0m
Completed 200 OK in 7ms (Views: 1.4ms | ActiveRecord: 0.6ms)


Started GET "/users/1/comments" for ::1 at 2016-09-08 15:57:59 +0100
  [1m[36mActiveRecord::SchemaMigration Load (0.6ms)[0m  [1m[34mSELECT "schema_migrations".* FROM "schema_migrations"[0m
Processing by CommentsController#get_related_resources as */*
  Parameters: {"relationship"=>"comments", "source"=>"users", "user_id"=>"1"}
  [1m[36mUser Load (1.5ms)[0m  [1m[34mSELECT  "users".* FROM "users" WHERE "users"."id" = $1 ORDER BY "users"."id" ASC LIMIT $2[0m  [["id", 1], ["LIMIT", 1]]
  [1m[36mComment Load (0.6ms)[0m  [1m[34mSELECT "comments".* FROM "comments" WHERE "comments"."user_id" = $1 ORDER BY "comments"."id" ASC[0m  [["user_id", 1]]
Completed 200 OK in 57ms (Views: 0.6ms | ActiveRecord: 8.3ms)


Started POST "/users" for ::1 at 2016-09-08 16:02:53 +0100
Processing by UsersController#create as JSON
  Parameters: {"name"=>"Terry", "email"=>"Terry1", "user"=>{"name"=>"Terry", "email"=>"Terry1"}}
Filter chain halted as :ensure_correct_media_type rendered or redirected
Completed 415 Unsupported Media Type in 8ms (Views: 0.6ms | ActiveRecord: 0.0ms)


Started GET "/users" for ::1 at 2016-09-08 16:03:13 +0100
Processing by UsersController#index as */*
  [1m[36mUser Load (1.1ms)[0m  [1m[34mSELECT "users".* FROM "users" ORDER BY "users"."id" ASC[0m
Completed 200 OK in 11ms (Views: 1.2ms | ActiveRecord: 1.1ms)


Started GET "/users" for ::1 at 2016-09-08 16:03:20 +0100
Processing by UsersController#index as */*
  [1m[36mUser Load (0.6ms)[0m  [1m[34mSELECT "users".* FROM "users" ORDER BY "users"."id" ASC[0m
Completed 200 OK in 8ms (Views: 1.4ms | ActiveRecord: 0.6ms)


